<settings>
    <servers>
        <server>
            <id>gitlab-maven-hdt</id>
            <configuration>
                <httpHeaders>
                    <property>
                        <name>deploy-token</name>
                        <value>9fQWL_4jX762oyUpMKyG</value>
                    </property>
                </httpHeaders>
            </configuration>
        </server>
        <server>
            <id>gitlab-maven-rdfj</id>
            <configuration>
                <httpHeaders>
                    <property>
                        <name>deploy-token</name>
                        <value>PTh8M4caLH3Y6R7sYeYC</value>
                    </property>
                </httpHeaders>
            </configuration>
        </server>
        <server>
            <id>gitlab-maven-hdt-endpoint</id>
            <configuration>
                <httpHeaders>
                    <property>
                        <name>deploy-token</name>
                        <value>W4-ciU3EPPsbK5SXKKks</value>
                    </property>
                </httpHeaders>
            </configuration>
        </server>
    </servers>
</settings>
